PCAD Importer Log
Project : MPF102.LibPkg

Section : C:\Users\Ian Diaz\Desktop\ITBA\TC\TP06\Ex1\Altium\MPF102.lia
    Section : PCB Library - MPF102.PcbLib
        Section : Load Messages
            Warning - 1 : Skipping Token JFETN On Line 160
            Warning - 1 : Skipping Token attachedSymbol On Line 235
        EndSection

        Section : Import Messages
            Warning : Default polygonal pad shape for signal layers has been made multilayer
            Warning : Default polygonal pad shape for signal layers has been made multilayer
            Warning : Default polygonal pad shape for signal layers has been made multilayer
        EndSection
    EndSection

    Section : SCH Library - MPF102.SchLib
        Section : Parsing Messages
            Warning - 1 : Skipping Token padStyleDef On Line 9
            Warning - 1 : Skipping Token multiLayer On Line 134
            Warning - 1 : Skipping Token layerContents On Line 139
            Warning - 1 : Skipping Token layerContents On Line 144
            Warning - 1 : Skipping Token layerContents On Line 151
            Warning - 1 : Skipping Token isVisible On Line 204
            Warning - 1 : Skipping Token isVisible On Line 205
            Warning - 1 : Skipping Token isVisible On Line 206
        EndSection

        Section : Generating SCH Library - MPF102.SchLib
        EndSection
    EndSection
EndSection
