\BOOKMARK [0][-]{part.1}{I Oscilador de Wien}{}% 1
\BOOKMARK [1][-]{section.1}{Introducci\363n}{part.1}% 2
\BOOKMARK [2][-]{subsection.1.1}{Criterio de Barkhausen}{section.1}% 3
\BOOKMARK [2][-]{subsection.1.2}{Oscilador de Wien}{section.1}% 4
\BOOKMARK [1][-]{section.2}{An\341lisis del circuito propuesto}{part.1}% 5
\BOOKMARK [2][-]{subsection.2.1}{Automatic Amplitude Control \(AAC\)}{section.2}% 6
\BOOKMARK [3][-]{subsubsection.2.1.1}{Transistor JFET-N}{subsection.2.1}% 7
\BOOKMARK [3][-]{subsubsection.2.1.2}{Diodos en serie}{subsection.2.1}% 8
\BOOKMARK [3][-]{subsubsection.2.1.3}{Controlador de respuesta en frecuencia de los diodos}{subsection.2.1}% 9
\BOOKMARK [3][-]{subsubsection.2.1.4}{Controlador de amplitud de oscilaci\363n}{subsection.2.1}% 10
\BOOKMARK [2][-]{subsection.2.2}{M\341xima frecuencia de oscilaci\363n}{section.2}% 11
\BOOKMARK [2][-]{subsection.2.3}{An\341lisis de sensibilidades}{section.2}% 12
\BOOKMARK [2][-]{subsection.2.4}{Polos y ceros del circuito}{section.2}% 13
\BOOKMARK [1][-]{section.3}{Implementaci\363n}{part.1}% 14
\BOOKMARK [2][-]{subsection.3.1}{Frecuencia de oscilaci\363n}{section.3}% 15
\BOOKMARK [2][-]{subsection.3.2}{Automatic Amplitude Control \(AAC\)}{section.3}% 16
\BOOKMARK [3][-]{subsubsection.3.2.1}{Controlador de frecuencia}{subsection.3.2}% 17
\BOOKMARK [3][-]{subsubsection.3.2.2}{Elecci\363n de la resistencia del transistor JFET-N}{subsection.3.2}% 18
\BOOKMARK [3][-]{subsubsection.3.2.3}{Polos y ceros}{subsection.3.2}% 19
\BOOKMARK [2][-]{subsection.3.3}{Selecci\363n de amplificadores operacionales}{section.3}% 20
\BOOKMARK [2][-]{subsection.3.4}{Dise\361o del PCB}{section.3}% 21
\BOOKMARK [1][-]{section.4}{Simulaciones y mediciones}{part.1}% 22
\BOOKMARK [2][-]{subsection.4.1}{Distorsi\363n Arm\363nica}{section.4}% 23
\BOOKMARK [2][-]{subsection.4.2}{Transistor en estado estacionario}{section.4}% 24
\BOOKMARK [3][-]{subsubsection.4.2.1}{Resistencia din\341mica}{subsection.4.2}% 25
\BOOKMARK [3][-]{subsubsection.4.2.2}{Tensi\363n de Gate}{subsection.4.2}% 26
\BOOKMARK [0][-]{part.2}{II PLL: Phase Locked Loop}{}% 27
\BOOKMARK [1][-]{section.5}{Introducci\363n}{part.2}% 28
\BOOKMARK [1][-]{section.6}{Funcionamiento de un PLL}{part.2}% 29
\BOOKMARK [2][-]{subsection.6.1}{Rango de enganche}{section.6}% 30
\BOOKMARK [2][-]{subsection.6.2}{Rango de captura}{section.6}% 31
\BOOKMARK [3][-]{subsubsection.6.2.1}{Efectos de distintos filtros sobre el rango de captura}{subsection.6.2}% 32
\BOOKMARK [1][-]{section.7}{Composici\363n del integrado CD4046B}{part.2}% 33
\BOOKMARK [2][-]{subsection.7.1}{Comparadores de fase}{section.7}% 34
\BOOKMARK [2][-]{subsection.7.2}{Oscilador controlado por voltaje \(VCO\)}{section.7}% 35
\BOOKMARK [1][-]{section.8}{Implementaci\363n del integrado}{part.2}% 36
\BOOKMARK [2][-]{subsection.8.1}{Medici\363n del rango de enganche y captura}{section.8}% 37
\BOOKMARK [2][-]{subsection.8.2}{Medici\363n del factor de calidad Q}{section.8}% 38
\BOOKMARK [2][-]{subsection.8.3}{Aplicaci\363n: demodulaci\363n FM}{section.8}% 39
\BOOKMARK [3][-]{subsubsection.8.3.1}{Introducci\363n: modulaci\363n FM}{subsection.8.3}% 40
\BOOKMARK [3][-]{subsubsection.8.3.2}{Implementaci\363n}{subsection.8.3}% 41
\BOOKMARK [3][-]{subsubsection.8.3.3}{Mediciones}{subsection.8.3}% 42
\BOOKMARK [2][-]{subsection.8.4}{Implementaci\363n: multiplicador de frecuencias}{section.8}% 43
\BOOKMARK [3][-]{subsubsection.8.4.1}{Mediciones}{subsection.8.4}% 44
\BOOKMARK [1][-]{section.9}{Conclusi\363n}{part.2}% 45
\BOOKMARK [1][-]{section.10}{Bibliograf\355a}{part.2}% 46
\BOOKMARK [0][-]{part.3}{III Dise\361o de VCO}{}% 47
\BOOKMARK [1][-]{section.11}{Introducci\363n}{part.3}% 48
\BOOKMARK [1][-]{section.12}{Introducci\363n te\363rica}{part.3}% 49
\BOOKMARK [1][-]{section.13}{Dise\361o}{part.3}% 50
\BOOKMARK [2][-]{subsection.13.1}{VCO triangular Parte 1}{section.13}% 51
\BOOKMARK [2][-]{subsection.13.2}{Schimmit trigger}{section.13}% 52
\BOOKMARK [2][-]{subsection.13.3}{VCO triangular Parte 2}{section.13}% 53
\BOOKMARK [2][-]{subsection.13.4}{Conversor}{section.13}% 54
\BOOKMARK [2][-]{subsection.13.5}{PCB}{section.13}% 55
\BOOKMARK [1][-]{section.14}{Medici\363n}{part.3}% 56
\BOOKMARK [1][-]{section.15}{Conclusi\363n}{part.3}% 57
