Added Component: Designator=5V(BORNERA2)
Add component. Clean all parameters for all variants
Added Component: Designator=C1(CAP200)
Add component. Clean all parameters for all variants
Added Component: Designator=C2a(CAP200)
Add component. Clean all parameters for all variants
Added Component: Designator=C2b(CAP200)
Add component. Clean all parameters for all variants
Added Component: Designator=C3(CAP200)
Add component. Clean all parameters for all variants
Added Component: Designator=COUNTER(J016)
Add component. Clean all parameters for all variants
Add component (AddParameter): Name = "ComponentLink1Description"; Value = "Manufacturer Link"; VariantName = "[No Variations]"
Add component (AddParameter): Name = "ComponentLink1URL"; Value = "http://www.ti.com/"; VariantName = "[No Variations]"
Add component (AddParameter): Name = "ComponentLink2Description"; Value = "Datasheet"; VariantName = "[No Variations]"
Add component (AddParameter): Name = "ComponentLink2URL"; Value = "http://www-s.ti.com/sc/ds/sn74hc4017.pdf"; VariantName = "[No Variations]"
Add component (AddParameter): Name = "DatasheetVersion"; Value = "Jun-1989"; VariantName = "[No Variations]"
Add component (AddParameter): Name = "LatestRevisionDate"; Value = "04-Mar-2005"; VariantName = "[No Variations]"
Add component (AddParameter): Name = "LatestRevisionNote"; Value = "Stylized 3D Model Added."; VariantName = "[No Variations]"
Add component (AddParameter): Name = "PackageDescription"; Value = "DIP; 16 Leads; Row Spacing 7.62 mm; Pitch 2.54 mm"; VariantName = "[No Variations]"
Add component (AddParameter): Name = "PackageReference"; Value = "J016"; VariantName = "[No Variations]"
Add component (AddParameter): Name = "PackageVersion"; Value = "Jun-1999"; VariantName = "[No Variations]"
Add component (AddParameter): Name = "Published"; Value = "8-Jun-2000"; VariantName = "[No Variations]"
Add component (AddParameter): Name = "Publisher"; Value = "Altium Limited"; VariantName = "[No Variations]"
Added Component: Designator=FM IN(BORNERA2)
Add component. Clean all parameters for all variants
Added Component: Designator=J1a(SIP2)
Add component. Clean all parameters for all variants
Added Component: Designator=J1b(SIP3)
Add component. Clean all parameters for all variants
Added Component: Designator=J2a(SIP2)
Add component. Clean all parameters for all variants
Added Component: Designator=J2b(SIP2)
Add component. Clean all parameters for all variants
Added Component: Designator=J3a(SIP8)
Add component. Clean all parameters for all variants
Added Component: Designator=J3b(SIP2)
Add component. Clean all parameters for all variants
Added Component: Designator=J4a(SIP2)
Add component. Clean all parameters for all variants
Added Component: Designator=J4b(SIP3)
Add component. Clean all parameters for all variants
Added Component: Designator=OUT(BORNERA2)
Add component. Clean all parameters for all variants
Added Component: Designator=R1p(PRESET V)
Add component. Clean all parameters for all variants
Added Component: Designator=R1(RES300)
Add component. Clean all parameters for all variants
Added Component: Designator=R2p(PRESET V)
Add component. Clean all parameters for all variants
Added Component: Designator=R2(RES300)
Add component. Clean all parameters for all variants
Added Component: Designator=R3a(RES300)
Add component. Clean all parameters for all variants
Added Component: Designator=R3b(RES300)
Add component. Clean all parameters for all variants
Added Component: Designator=R4b(RES300)
Add component. Clean all parameters for all variants
Added Component: Designator=RS(RES300)
Add component. Clean all parameters for all variants
Added Component: Designator=U1(DIP16)
Add component. Clean all parameters for all variants
Added Component: Designator=U?(DIP14)
Add component. Clean all parameters for all variants
Added Component: Designator=VCO OUT(BORNERA2)
Add component. Clean all parameters for all variants
Added Pin To Net: NetName=GND Pin=5V-1
Added Pin To Net: NetName=GND Pin=C2a-2
Added Pin To Net: NetName=GND Pin=C2b-2
Added Pin To Net: NetName=GND Pin=COUNTER-8
Added Pin To Net: NetName=GND Pin=COUNTER-13
Added Pin To Net: NetName=GND Pin=FM IN-1
Added Pin To Net: NetName=GND Pin=OUT-1
Added Pin To Net: NetName=GND Pin=R1p-1
Added Pin To Net: NetName=GND Pin=R2-1
Added Pin To Net: NetName=GND Pin=RS-1
Added Pin To Net: NetName=GND Pin=U1-5
Added Pin To Net: NetName=GND Pin=U1-8
Added Pin To Net: NetName=GND Pin=U?-4
Added Pin To Net: NetName=GND Pin=U?-6
Added Pin To Net: NetName=GND Pin=U?-7
Added Pin To Net: NetName=GND Pin=VCO OUT-1
Added Net: Name=GND
Added Pin To Net: NetName=NetC1_1 Pin=C1-1
Added Pin To Net: NetName=NetC1_1 Pin=U1-6
Added Net: Name=NetC1_1
Added Pin To Net: NetName=NetC1_2 Pin=C1-2
Added Pin To Net: NetName=NetC1_2 Pin=U1-7
Added Net: Name=NetC1_2
Added Pin To Net: NetName=NetC2a_1 Pin=C2a-1
Added Pin To Net: NetName=NetC2a_1 Pin=J4b-2
Added Pin To Net: NetName=NetC2a_1 Pin=R3a-2
Added Net: Name=NetC2a_1
Added Pin To Net: NetName=NetC2b_1 Pin=C2b-1
Added Pin To Net: NetName=NetC2b_1 Pin=R4b-1
Added Net: Name=NetC2b_1
Added Pin To Net: NetName=NetC3_1 Pin=C3-1
Added Pin To Net: NetName=NetC3_1 Pin=FM IN-2
Added Net: Name=NetC3_1
Added Pin To Net: NetName=NetC3_2 Pin=C3-2
Added Pin To Net: NetName=NetC3_2 Pin=U1-14
Added Net: Name=NetC3_2
Added Pin To Net: NetName=NetCOUNTER_1 Pin=COUNTER-1
Added Pin To Net: NetName=NetCOUNTER_1 Pin=J3a-4
Added Net: Name=NetCOUNTER_1
Added Pin To Net: NetName=NetCOUNTER_2 Pin=COUNTER-2
Added Pin To Net: NetName=NetCOUNTER_2 Pin=U?-3
Added Net: Name=NetCOUNTER_2
Added Pin To Net: NetName=NetCOUNTER_4 Pin=COUNTER-4
Added Pin To Net: NetName=NetCOUNTER_4 Pin=J3a-1
Added Net: Name=NetCOUNTER_4
Added Pin To Net: NetName=NetCOUNTER_5 Pin=COUNTER-5
Added Pin To Net: NetName=NetCOUNTER_5 Pin=J3a-5
Added Net: Name=NetCOUNTER_5
Added Pin To Net: NetName=NetCOUNTER_6 Pin=COUNTER-6
Added Pin To Net: NetName=NetCOUNTER_6 Pin=J3a-6
Added Net: Name=NetCOUNTER_6
Added Pin To Net: NetName=NetCOUNTER_7 Pin=COUNTER-7
Added Pin To Net: NetName=NetCOUNTER_7 Pin=J3a-2
Added Net: Name=NetCOUNTER_7
Added Pin To Net: NetName=NetCOUNTER_9 Pin=COUNTER-9
Added Pin To Net: NetName=NetCOUNTER_9 Pin=J3a-7
Added Net: Name=NetCOUNTER_9
Added Pin To Net: NetName=NetCOUNTER_10 Pin=COUNTER-10
Added Pin To Net: NetName=NetCOUNTER_10 Pin=J3a-3
Added Net: Name=NetCOUNTER_10
Added Pin To Net: NetName=NetCOUNTER_11 Pin=COUNTER-11
Added Pin To Net: NetName=NetCOUNTER_11 Pin=J3a-8
Added Net: Name=NetCOUNTER_11
Added Pin To Net: NetName=NetCOUNTER_14 Pin=COUNTER-14
Added Pin To Net: NetName=NetCOUNTER_14 Pin=J2a-2
Added Pin To Net: NetName=NetCOUNTER_14 Pin=U1-4
Added Net: Name=NetCOUNTER_14
Added Pin To Net: NetName=NetCOUNTER_15 Pin=COUNTER-15
Added Pin To Net: NetName=NetCOUNTER_15 Pin=J3b-2
Added Net: Name=NetCOUNTER_15
Added Pin To Net: NetName=NetJ1a_1 Pin=J1a-1
Added Pin To Net: NetName=NetJ1a_1 Pin=U1-2
Added Net: Name=NetJ1a_1
Added Pin To Net: NetName=NetJ1a_2 Pin=J1a-2
Added Pin To Net: NetName=NetJ1a_2 Pin=U1-13
Added Net: Name=NetJ1a_2
Added Pin To Net: NetName=NetJ1b_1 Pin=J1b-1
Added Pin To Net: NetName=NetJ1b_1 Pin=R3b-1
Added Net: Name=NetJ1b_1
Added Pin To Net: NetName=NetJ1b_2 Pin=J1b-2
Added Pin To Net: NetName=NetJ1b_2 Pin=R3a-1
Added Net: Name=NetJ1b_2
Added Pin To Net: NetName=NetJ1b_3 Pin=J1b-3
Added Pin To Net: NetName=NetJ1b_3 Pin=J4b-1
Added Net: Name=NetJ1b_3
Added Pin To Net: NetName=NetJ2a_1 Pin=J2a-1
Added Pin To Net: NetName=NetJ2a_1 Pin=U?-1
Added Net: Name=NetJ2a_1
Added Pin To Net: NetName=NetJ2b_1 Pin=J2b-1
Added Pin To Net: NetName=NetJ2b_1 Pin=U1-3
Added Pin To Net: NetName=NetJ2b_1 Pin=VCO OUT-2
Added Net: Name=NetJ2b_1
Added Pin To Net: NetName=NetJ4a_2 Pin=J4a-2
Added Pin To Net: NetName=NetJ4a_2 Pin=U1-9
Added Net: Name=NetJ4a_2
Added Pin To Net: NetName=NetJ4b_3 Pin=J4b-3
Added Pin To Net: NetName=NetJ4b_3 Pin=R3b-2
Added Pin To Net: NetName=NetJ4b_3 Pin=R4b-2
Added Net: Name=NetJ4b_3
Added Pin To Net: NetName=NetOUT_2 Pin=OUT-2
Added Pin To Net: NetName=NetOUT_2 Pin=RS-2
Added Pin To Net: NetName=NetOUT_2 Pin=U1-10
Added Net: Name=NetOUT_2
Added Pin To Net: NetName=NetR1_1 Pin=R1-1
Added Pin To Net: NetName=NetR1_1 Pin=R1p-2
Added Pin To Net: NetName=NetR1_1 Pin=R1p-3
Added Net: Name=NetR1_1
Added Pin To Net: NetName=NetR1_2 Pin=R1-2
Added Pin To Net: NetName=NetR1_2 Pin=U1-11
Added Net: Name=NetR1_2
Added Pin To Net: NetName=NetR2p_2 Pin=R2p-2
Added Pin To Net: NetName=NetR2p_2 Pin=R2p-3
Added Pin To Net: NetName=NetR2p_2 Pin=U1-12
Added Net: Name=NetR2p_2
Added Pin To Net: NetName=NetU?_2 Pin=U?-2
Added Pin To Net: NetName=NetU?_2 Pin=U?-5
Added Net: Name=NetU?_2
Added Pin To Net: NetName=VCC Pin=5V-2
Added Pin To Net: NetName=VCC Pin=COUNTER-16
Added Pin To Net: NetName=VCC Pin=U1-16
Added Pin To Net: NetName=VCC Pin=U?-14
Added Net: Name=VCC
Added Class: Name=Sheet1
Added Room: Name=Sheet1
