Added Component: Designator=C1(CAP200)
Add component. Clean all parameters for all variants
Added Component: Designator=C2(CAP200)
Add component. Clean all parameters for all variants
Added Component: Designator=C3(CAP200)
Add component. Clean all parameters for all variants
Added Component: Designator=C4(CAP200)
Add component. Clean all parameters for all variants
Added Component: Designator=C5(CAP200)
Add component. Clean all parameters for all variants
Added Component: Designator=D1(DO41)
Add component. Clean all parameters for all variants
Added Component: Designator=DZ1(DO41)
Add component. Clean all parameters for all variants
Added Component: Designator=J1(SIP7)
Add component. Clean all parameters for all variants
Added Component: Designator=J2(SIP4)
Add component. Clean all parameters for all variants
Added Component: Designator=Q1(TO-254-AA)
Add component. Clean all parameters for all variants
Add component (AddParameter): Name = "Code_JEDEC"; Value = "TO-254-AA"; VariantName = "[No Variations]"
Add component (AddParameter): Name = "LatestRevisionDate"; Value = "17-Jul-2002"; VariantName = "[No Variations]"
Add component (AddParameter): Name = "LatestRevisionNote"; Value = "Re-released for DXP Platform."; VariantName = "[No Variations]"
Add component (AddParameter): Name = "PackageReference"; Value = "TO-254-AA"; VariantName = "[No Variations]"
Add component (AddParameter): Name = "Published"; Value = "8-Jun-2000"; VariantName = "[No Variations]"
Add component (AddParameter): Name = "Publisher"; Value = "Altium Limited"; VariantName = "[No Variations]"
Added Component: Designator=R1(0805)
Add component. Clean all parameters for all variants
Added Component: Designator=R2(0805)
Add component. Clean all parameters for all variants
Added Component: Designator=R3(0805)
Add component. Clean all parameters for all variants
Added Component: Designator=R4(0805)
Add component. Clean all parameters for all variants
Added Component: Designator=R5(PRESET V)
Add component. Clean all parameters for all variants
Added Component: Designator=R6(0805)
Add component. Clean all parameters for all variants
Added Component: Designator=R7(0805)
Add component. Clean all parameters for all variants
Added Component: Designator=R8(0805)
Add component. Clean all parameters for all variants
Added Component: Designator=R9(0805)
Add component. Clean all parameters for all variants
Added Component: Designator=R10(0805)
Add component. Clean all parameters for all variants
Added Component: Designator=R11(0805)
Add component. Clean all parameters for all variants
Added Component: Designator=TP1(TPTH)
Add component. Clean all parameters for all variants
Added Component: Designator=TP2(TPTH)
Add component. Clean all parameters for all variants
Added Component: Designator=TP3(TPTH)
Add component. Clean all parameters for all variants
Added Component: Designator=TP4(TPTH)
Add component. Clean all parameters for all variants
Added Component: Designator=U1(DIP8)
Add component. Clean all parameters for all variants
Added Pin To Net: NetName=GND Pin=C2-2
Added Pin To Net: NetName=GND Pin=C3-2
Added Pin To Net: NetName=GND Pin=C4-2
Added Pin To Net: NetName=GND Pin=C5-1
Added Pin To Net: NetName=GND Pin=J1-4
Added Pin To Net: NetName=GND Pin=J2-1
Added Pin To Net: NetName=GND Pin=Q1-3
Added Pin To Net: NetName=GND Pin=R3-1
Added Pin To Net: NetName=GND Pin=R4-1
Added Pin To Net: NetName=GND Pin=R11-1
Added Pin To Net: NetName=GND Pin=TP1-1
Added Net: Name=GND
Added Pin To Net: NetName=NetC1_2 Pin=C1-2
Added Pin To Net: NetName=NetC1_2 Pin=R1-2
Added Pin To Net: NetName=NetC1_2 Pin=R2-2
Added Net: Name=NetC1_2
Added Pin To Net: NetName=NetD1_1 Pin=D1-1
Added Pin To Net: NetName=NetD1_1 Pin=R5-1
Added Net: Name=NetD1_1
Added Pin To Net: NetName=NetDZ1_1 Pin=DZ1-1
Added Pin To Net: NetName=NetDZ1_1 Pin=R5-2
Added Pin To Net: NetName=NetDZ1_1 Pin=R5-3
Added Net: Name=NetDZ1_1
Added Pin To Net: NetName=NetR6_2 Pin=R6-2
Added Pin To Net: NetName=NetR6_2 Pin=R7-1
Added Pin To Net: NetName=NetR6_2 Pin=R8-2
Added Net: Name=NetR6_2
Added Pin To Net: NetName=NetR7_2 Pin=R7-2
Added Pin To Net: NetName=NetR7_2 Pin=R9-2
Added Pin To Net: NetName=NetR7_2 Pin=R10-2
Added Pin To Net: NetName=NetR7_2 Pin=U1-2
Added Net: Name=NetR7_2
Added Pin To Net: NetName=OUT Pin=D1-2
Added Pin To Net: NetName=OUT Pin=J2-4
Added Pin To Net: NetName=OUT Pin=R1-1
Added Pin To Net: NetName=OUT Pin=R2-1
Added Pin To Net: NetName=OUT Pin=R6-1
Added Pin To Net: NetName=OUT Pin=R8-1
Added Pin To Net: NetName=OUT Pin=U1-1
Added Net: Name=OUT
Added Pin To Net: NetName=VCC Pin=C2-1
Added Pin To Net: NetName=VCC Pin=J1-7
Added Pin To Net: NetName=VCC Pin=U1-8
Added Net: Name=VCC
Added Pin To Net: NetName=VEE Pin=C4-1
Added Pin To Net: NetName=VEE Pin=J1-1
Added Pin To Net: NetName=VEE Pin=U1-4
Added Net: Name=VEE
Added Pin To Net: NetName=Vg Pin=C5-2
Added Pin To Net: NetName=Vg Pin=DZ1-2
Added Pin To Net: NetName=Vg Pin=Q1-2
Added Pin To Net: NetName=Vg Pin=R11-2
Added Pin To Net: NetName=Vg Pin=TP3-1
Added Net: Name=Vg
Added Pin To Net: NetName=VJ Pin=Q1-1
Added Pin To Net: NetName=VJ Pin=R9-1
Added Pin To Net: NetName=VJ Pin=R10-1
Added Pin To Net: NetName=VJ Pin=TP4-1
Added Net: Name=VJ
Added Pin To Net: NetName=Vp Pin=C1-1
Added Pin To Net: NetName=Vp Pin=C3-1
Added Pin To Net: NetName=Vp Pin=R3-2
Added Pin To Net: NetName=Vp Pin=R4-2
Added Pin To Net: NetName=Vp Pin=TP2-1
Added Pin To Net: NetName=Vp Pin=U1-3
Added Net: Name=Vp
Added Class: Name=Esquematico
Added Room: Name=Esquematico
